INFO: [VRFC 10-2263] Analyzing Verilog file "/home/fw3/thanhntd/Fire_wall_proj/FW_RTL/Fire_wall_ver_3.srcs/sources_1/new/FireWall_BR.v" into library xil_defaultlib
INFO: [VRFC 10-311] analyzing module bram
WARNING: [VRFC 10-3380] identifier 'BRAM_ADDR_WIDTH' is used before its declaration [/home/fw3/thanhntd/Fire_wall_proj/FW_RTL/Fire_wall_ver_3.srcs/sources_1/new/FireWall_BR.v:3]
WARNING: [VRFC 10-3380] identifier 'BRAM_DATA_WIDTH' is used before its declaration [/home/fw3/thanhntd/Fire_wall_proj/FW_RTL/Fire_wall_ver_3.srcs/sources_1/new/FireWall_BR.v:7]
WARNING: [VRFC 10-3380] identifier 'BRAM_DATA_WIDTH' is used before its declaration [/home/fw3/thanhntd/Fire_wall_proj/FW_RTL/Fire_wall_ver_3.srcs/sources_1/new/FireWall_BR.v:8]
INFO: [VRFC 10-2263] Analyzing Verilog file "/home/fw3/thanhntd/Fire_wall_proj/FW_RTL/Fire_wall_ver_3.srcs/sources_1/new/FireWall_IP_storage.v" into library xil_defaultlib
INFO: [VRFC 10-311] analyzing module FireWall_IP_storage
WARNING: [VRFC 10-3380] identifier 'search_done' is used before its declaration [/home/fw3/thanhntd/Fire_wall_proj/FW_RTL/Fire_wall_ver_3.srcs/sources_1/new/FireWall_IP_storage.v:99]
WARNING: [VRFC 10-3380] identifier 'search_done' is used before its declaration [/home/fw3/thanhntd/Fire_wall_proj/FW_RTL/Fire_wall_ver_3.srcs/sources_1/new/FireWall_IP_storage.v:100]
INFO: [VRFC 10-2263] Analyzing Verilog file "/home/fw3/thanhntd/Fire_wall_proj/FW_RTL/Fire_wall_ver_3.srcs/sources_1/new/FireWall_apb_interface.v" into library xil_defaultlib
INFO: [VRFC 10-311] analyzing module apb_slave
INFO: [VRFC 10-2263] Analyzing Verilog file "/home/fw3/thanhntd/Fire_wall_proj/FW_RTL/Fire_wall_ver_3.srcs/sources_1/new/FireWall_byte_cnt.v" into library xil_defaultlib
INFO: [VRFC 10-311] analyzing module FireWall_byte_cnt
INFO: [VRFC 10-2263] Analyzing Verilog file "/home/fw3/thanhntd/Fire_wall_proj/FW_RTL/Fire_wall_ver_3.srcs/sources_1/new/FireWall_data_rate.v" into library xil_defaultlib
INFO: [VRFC 10-311] analyzing module FireWall_data_rate
INFO: [VRFC 10-2263] Analyzing Verilog file "/home/fw3/thanhntd/Fire_wall_proj/FW_RTL/Fire_wall_ver_3.srcs/sources_1/new/FireWall_pkt_fifo.v" into library xil_defaultlib
INFO: [VRFC 10-311] analyzing module FireWall_pkt_fifo
INFO: [VRFC 10-2263] Analyzing Verilog file "/home/fw3/thanhntd/Fire_wall_proj/FW_RTL/Fire_wall_ver_3.srcs/sources_1/new/FireWall_pkt_read.v" into library xil_defaultlib
INFO: [VRFC 10-311] analyzing module eth_packet_read
INFO: [VRFC 10-2263] Analyzing Verilog file "/home/fw3/thanhntd/Fire_wall_proj/FW_RTL/Fire_wall_ver_3.srcs/sources_1/new/FireWall_total_byte_cnt.v" into library xil_defaultlib
INFO: [VRFC 10-311] analyzing module FireWall_total_byte_cnt
INFO: [VRFC 10-2263] Analyzing Verilog file "/home/fw3/thanhntd/Fire_wall_proj/FW_RTL/Fire_wall_ver_3.srcs/sources_1/new/Firewall_top.v" into library xil_defaultlib
INFO: [VRFC 10-311] analyzing module Fire_wall_top
WARNING: [VRFC 10-2938] 'w_byte_cnt_bram' is already implicitly declared on line 174 [/home/fw3/thanhntd/Fire_wall_proj/FW_RTL/Fire_wall_ver_3.srcs/sources_1/new/Firewall_top.v:177]
WARNING: [VRFC 10-2938] 'w_o_rd_to_bram' is already implicitly declared on line 172 [/home/fw3/thanhntd/Fire_wall_proj/FW_RTL/Fire_wall_ver_3.srcs/sources_1/new/Firewall_top.v:178]
WARNING: [VRFC 10-2938] 'w_total_byte_cnt' is already implicitly declared on line 188 [/home/fw3/thanhntd/Fire_wall_proj/FW_RTL/Fire_wall_ver_3.srcs/sources_1/new/Firewall_top.v:195]
INFO: [VRFC 10-2263] Analyzing SystemVerilog file "/home/fw3/thanhntd/Fire_wall_proj/FW_RTL/Fire_wall_ver_3.ip_user_files/bd/design_1/ip/design_1_axi_vip_0_0/sim/design_1_axi_vip_0_0_pkg.sv" into library xil_defaultlib
INFO: [VRFC 10-2263] Analyzing SystemVerilog file "/home/fw3/thanhntd/Fire_wall_proj/FW_RTL/Fire_wall_ver_3.ip_user_files/bd/design_1/ip/design_1_axi_vip_0_0/sim/design_1_axi_vip_0_0.sv" into library xil_defaultlib
INFO: [VRFC 10-311] analyzing module design_1_axi_vip_0_0
INFO: [VRFC 10-2263] Analyzing Verilog file "/home/fw3/thanhntd/Fire_wall_proj/FW_RTL/Fire_wall_ver_3.ip_user_files/bd/design_1/ip/design_1_Fire_wall_top_0_0/sim/design_1_Fire_wall_top_0_0.v" into library xil_defaultlib
INFO: [VRFC 10-311] analyzing module design_1_Fire_wall_top_0_0
INFO: [VRFC 10-2263] Analyzing Verilog file "/home/fw3/thanhntd/Fire_wall_proj/FW_RTL/Fire_wall_ver_3.ip_user_files/bd/design_1/sim/design_1.v" into library xil_defaultlib
INFO: [VRFC 10-311] analyzing module design_1
INFO: [VRFC 10-2263] Analyzing Verilog file "/home/fw3/thanhntd/Fire_wall_proj/FW_RTL/Fire_wall_ver_3.gen/sources_1/bd/design_1/hdl/design_1_wrapper.v" into library xil_defaultlib
INFO: [VRFC 10-311] analyzing module design_1_wrapper
INFO: [VRFC 10-2263] Analyzing SystemVerilog file "/home/fw3/thanhntd/Fire_wall_proj/FW_RTL/Fire_wall_ver_3.srcs/sim_1/new/fire_wall_tb.sv" into library xil_defaultlib
INFO: [VRFC 10-311] analyzing module fire_wall_tb
WARNING: [VRFC 10-599] elements must both be 2-state or both be 4-state [/home/fw3/thanhntd/Fire_wall_proj/FW_RTL/Fire_wall_ver_3.srcs/sim_1/new/fire_wall_tb.sv:158]
WARNING: [VRFC 10-8762] arrays have different element types [/home/fw3/thanhntd/Fire_wall_proj/FW_RTL/Fire_wall_ver_3.srcs/sim_1/new/fire_wall_tb.sv:158]
WARNING: [VRFC 10-3824] variable 'pkt_len' must explicitly be declared as automatic or static [/home/fw3/thanhntd/Fire_wall_proj/FW_RTL/Fire_wall_ver_3.srcs/sim_1/new/fire_wall_tb.sv:175]
WARNING: [VRFC 10-599] elements must both be 2-state or both be 4-state [/home/fw3/thanhntd/Fire_wall_proj/FW_RTL/Fire_wall_ver_3.srcs/sim_1/new/fire_wall_tb.sv:189]
WARNING: [VRFC 10-8762] arrays have different element types [/home/fw3/thanhntd/Fire_wall_proj/FW_RTL/Fire_wall_ver_3.srcs/sim_1/new/fire_wall_tb.sv:189]
WARNING: [VRFC 10-599] elements must both be 2-state or both be 4-state [/home/fw3/thanhntd/Fire_wall_proj/FW_RTL/Fire_wall_ver_3.srcs/sim_1/new/fire_wall_tb.sv:192]
WARNING: [VRFC 10-8762] arrays have different element types [/home/fw3/thanhntd/Fire_wall_proj/FW_RTL/Fire_wall_ver_3.srcs/sim_1/new/fire_wall_tb.sv:192]
WARNING: [VRFC 10-599] elements must both be 2-state or both be 4-state [/home/fw3/thanhntd/Fire_wall_proj/FW_RTL/Fire_wall_ver_3.srcs/sim_1/new/fire_wall_tb.sv:196]
WARNING: [VRFC 10-8762] arrays have different element types [/home/fw3/thanhntd/Fire_wall_proj/FW_RTL/Fire_wall_ver_3.srcs/sim_1/new/fire_wall_tb.sv:196]
WARNING: [VRFC 10-599] elements must both be 2-state or both be 4-state [/home/fw3/thanhntd/Fire_wall_proj/FW_RTL/Fire_wall_ver_3.srcs/sim_1/new/fire_wall_tb.sv:200]
WARNING: [VRFC 10-8762] arrays have different element types [/home/fw3/thanhntd/Fire_wall_proj/FW_RTL/Fire_wall_ver_3.srcs/sim_1/new/fire_wall_tb.sv:200]
WARNING: [VRFC 10-599] elements must both be 2-state or both be 4-state [/home/fw3/thanhntd/Fire_wall_proj/FW_RTL/Fire_wall_ver_3.srcs/sim_1/new/fire_wall_tb.sv:205]
WARNING: [VRFC 10-8762] arrays have different element types [/home/fw3/thanhntd/Fire_wall_proj/FW_RTL/Fire_wall_ver_3.srcs/sim_1/new/fire_wall_tb.sv:205]
INFO: [VRFC 10-2263] Analyzing Verilog file "/home/fw3/thanhntd/Fire_wall_proj/FW_RTL/Fire_wall_ver_3.sim/sim_1/behav/xsim/glbl.v" into library xil_defaultlib
INFO: [VRFC 10-311] analyzing module glbl
INFO: [VRFC 10-163] Analyzing VHDL file "/home/fw3/thanhntd/Fire_wall_proj/FW_RTL/Fire_wall_ver_3.ip_user_files/bd/design_1/ip/design_1_axi_apb_bridge_0_0/sim/design_1_axi_apb_bridge_0_0.vhd" into library xil_defaultlib
INFO: [VRFC 10-3107] analyzing entity 'design_1_axi_apb_bridge_0_0'
