Vivado Simulator v2023.2
Copyright 1986-2022 Xilinx, Inc. All Rights Reserved.
Copyright 2022-2023 Advanced Micro Devices, Inc. All Rights Reserved.
Running: /opt/Vivado/2023.2/bin/unwrapped/lnx64.o/xelab --incr --debug typical --relax --mt 8 -L xil_defaultlib -L axi_infrastructure_v1_1_0 -L axi_vip_v1_1_15 -L lib_pkg_v1_0_3 -L axi_apb_bridge_v3_0_19 -L uvm -L xilinx_vip -L unisims_ver -L unimacro_ver -L secureip -L xpm --snapshot fire_wall_tb_behav xil_defaultlib.fire_wall_tb xil_defaultlib.glbl -log elaborate.log 
Using 8 slave threads.
Starting static elaboration
Pass Through NonSizing Optimizer
WARNING: [VRFC 10-3091] actual bit length 8 differs from formal bit length 9 for port 'out_user_id_0' [/home/ducthanh/thanhntd/Fire_wall_ver_3/Fire_wall_ver_3.srcs/sim_1/new/fire_wall_tb.sv:49]
WARNING: [VRFC 10-3091] actual bit length 32 differs from formal bit length 1 for port 'cs_n' [/home/ducthanh/thanhntd/Fire_wall_ver_3/Fire_wall_ver_3.srcs/sources_1/new/Firewall_top.v:170]
WARNING: [VRFC 10-3091] actual bit length 32 differs from formal bit length 1 for port 'cs_n' [/home/ducthanh/thanhntd/Fire_wall_ver_3/Fire_wall_ver_3.srcs/sources_1/new/Firewall_top.v:209]
WARNING: [VRFC 10-3091] actual bit length 32 differs from formal bit length 1 for port 'rd_n' [/home/ducthanh/thanhntd/Fire_wall_ver_3/Fire_wall_ver_3.srcs/sources_1/new/Firewall_top.v:211]
WARNING: [VRFC 10-599] elements must both be 2-state or both be 4-state [/home/ducthanh/thanhntd/Fire_wall_ver_3/Fire_wall_ver_3.srcs/sim_1/new/fire_wall_tb.sv:158]
WARNING: [VRFC 10-8762] arrays have different element types [/home/ducthanh/thanhntd/Fire_wall_ver_3/Fire_wall_ver_3.srcs/sim_1/new/fire_wall_tb.sv:158]
WARNING: [VRFC 10-599] elements must both be 2-state or both be 4-state [/home/ducthanh/thanhntd/Fire_wall_ver_3/Fire_wall_ver_3.srcs/sim_1/new/fire_wall_tb.sv:189]
WARNING: [VRFC 10-8762] arrays have different element types [/home/ducthanh/thanhntd/Fire_wall_ver_3/Fire_wall_ver_3.srcs/sim_1/new/fire_wall_tb.sv:189]
WARNING: [VRFC 10-599] elements must both be 2-state or both be 4-state [/home/ducthanh/thanhntd/Fire_wall_ver_3/Fire_wall_ver_3.srcs/sim_1/new/fire_wall_tb.sv:192]
WARNING: [VRFC 10-8762] arrays have different element types [/home/ducthanh/thanhntd/Fire_wall_ver_3/Fire_wall_ver_3.srcs/sim_1/new/fire_wall_tb.sv:192]
WARNING: [VRFC 10-599] elements must both be 2-state or both be 4-state [/home/ducthanh/thanhntd/Fire_wall_ver_3/Fire_wall_ver_3.srcs/sim_1/new/fire_wall_tb.sv:196]
WARNING: [VRFC 10-8762] arrays have different element types [/home/ducthanh/thanhntd/Fire_wall_ver_3/Fire_wall_ver_3.srcs/sim_1/new/fire_wall_tb.sv:196]
WARNING: [VRFC 10-599] elements must both be 2-state or both be 4-state [/home/ducthanh/thanhntd/Fire_wall_ver_3/Fire_wall_ver_3.srcs/sim_1/new/fire_wall_tb.sv:200]
WARNING: [VRFC 10-8762] arrays have different element types [/home/ducthanh/thanhntd/Fire_wall_ver_3/Fire_wall_ver_3.srcs/sim_1/new/fire_wall_tb.sv:200]
WARNING: [VRFC 10-599] elements must both be 2-state or both be 4-state [/home/ducthanh/thanhntd/Fire_wall_ver_3/Fire_wall_ver_3.srcs/sim_1/new/fire_wall_tb.sv:205]
WARNING: [VRFC 10-8762] arrays have different element types [/home/ducthanh/thanhntd/Fire_wall_ver_3/Fire_wall_ver_3.srcs/sim_1/new/fire_wall_tb.sv:205]
Completed static elaboration
Starting simulation data flow analysis
WARNING: [XSIM 43-4099] "/home/ducthanh/thanhntd/Fire_wall_ver_3/Fire_wall_ver_3.srcs/sources_1/new/FireWall_apb_interface.v" Line 3. Module apb_slave doesn't have a timescale but at least one module in design has a timescale.
WARNING: [XSIM 43-4099] "/home/ducthanh/thanhntd/Fire_wall_ver_3/Fire_wall_ver_3.srcs/sources_1/new/FireWall_IP_storage.v" Line 1. Module FireWall_IP_storage_default doesn't have a timescale but at least one module in design has a timescale.
WARNING: [XSIM 43-4099] "/home/ducthanh/thanhntd/Fire_wall_ver_3/Fire_wall_ver_3.srcs/sources_1/new/FireWall_byte_cnt.v" Line 1. Module FireWall_byte_cnt doesn't have a timescale but at least one module in design has a timescale.
WARNING: [XSIM 43-4099] "/home/ducthanh/thanhntd/Fire_wall_ver_3/Fire_wall_ver_3.srcs/sources_1/new/FireWall_BR.v" Line 1. Module bram doesn't have a timescale but at least one module in design has a timescale.
WARNING: [XSIM 43-4099] "/home/ducthanh/thanhntd/Fire_wall_ver_3/Fire_wall_ver_3.srcs/sources_1/new/FireWall_BR.v" Line 1. Module bram doesn't have a timescale but at least one module in design has a timescale.
WARNING: [XSIM 43-4099] "/home/ducthanh/thanhntd/Fire_wall_ver_3/Fire_wall_ver_3.srcs/sources_1/new/FireWall_apb_interface.v" Line 3. Module apb_slave doesn't have a timescale but at least one module in design has a timescale.
WARNING: [XSIM 43-4099] "/home/ducthanh/thanhntd/Fire_wall_ver_3/Fire_wall_ver_3.srcs/sources_1/new/FireWall_IP_storage.v" Line 1. Module FireWall_IP_storage_default doesn't have a timescale but at least one module in design has a timescale.
WARNING: [XSIM 43-4099] "/home/ducthanh/thanhntd/Fire_wall_ver_3/Fire_wall_ver_3.srcs/sources_1/new/FireWall_byte_cnt.v" Line 1. Module FireWall_byte_cnt doesn't have a timescale but at least one module in design has a timescale.
WARNING: [XSIM 43-4099] "/home/ducthanh/thanhntd/Fire_wall_ver_3/Fire_wall_ver_3.srcs/sources_1/new/FireWall_BR.v" Line 1. Module bram doesn't have a timescale but at least one module in design has a timescale.
WARNING: [XSIM 43-4099] "/home/ducthanh/thanhntd/Fire_wall_ver_3/Fire_wall_ver_3.srcs/sources_1/new/FireWall_BR.v" Line 1. Module bram doesn't have a timescale but at least one module in design has a timescale.
Completed simulation data flow analysis
Time Resolution for simulation is 1ps
Compiling package std.standard
Compiling package std.textio
Compiling package ieee.std_logic_1164
Compiling package ieee.numeric_std
Compiling package ieee.std_logic_arith
Compiling package ieee.std_logic_unsigned
Compiling package synopsys.attributes
Compiling package ieee.std_logic_misc
Compiling package lib_pkg_v1_0_3.lib_pkg
Compiling package xilinx_vip.axi_vip_pkg
Compiling package xilinx_vip.xil_common_vip_pkg
Compiling package std.std
Compiling module xil_defaultlib.apb_slave
Compiling module xil_defaultlib.FireWall_IP_storage_default
Compiling module xil_defaultlib.eth_packet_read
Compiling module xil_defaultlib.FireWall_pkt_fifo_default
Compiling module xil_defaultlib.FireWall_byte_cnt
Compiling module xil_defaultlib.bram
Compiling module xil_defaultlib.FireWall_data_rate
Compiling module xil_defaultlib.FireWall_total_byte_cnt
Compiling module xil_defaultlib.Fire_wall_top
Compiling module xil_defaultlib.design_1_Fire_wall_top_0_0
Compiling architecture rtl of entity axi_apb_bridge_v3_0_19.psel_decoder [\psel_decoder(c_family="zynquplu...]
Compiling architecture rtl of entity axi_apb_bridge_v3_0_19.multiplexor [\multiplexor(c_apb_num_slaves=1)...]
Compiling architecture rtl of entity axi_apb_bridge_v3_0_19.axilite_sif [\axilite_sif(c_family="zynquplus...]
Compiling architecture rtl of entity axi_apb_bridge_v3_0_19.apb_mif [\apb_mif(c_apb_num_slaves=1,c_m_...]
Compiling architecture rtl of entity axi_apb_bridge_v3_0_19.axi_apb_bridge [\axi_apb_bridge(c_family="zynqup...]
Compiling architecture design_1_axi_apb_bridge_0_0_arch of entity xil_defaultlib.design_1_axi_apb_bridge_0_0 [design_1_axi_apb_bridge_0_0_defa...]
Compiling module xilinx_vip.axi_vip_axi4pc(WDATA_WIDTH=32,RD...
Compiling module xilinx_vip.cb
Compiling module xilinx_vip.axi_vip_if(C_AXI_PROTOCOL=2,C_AX...
Compiling module axi_vip_v1_1_15.axi_vip_v1_1_15_top(C_AXI_PROTOC...
Compiling module xil_defaultlib.design_1_axi_vip_0_0
Compiling module xil_defaultlib.design_1
Compiling module xil_defaultlib.design_1_wrapper
WARNING: [VRFC 10-599] elements must both be 2-state or both be 4-state [/home/ducthanh/thanhntd/Fire_wall_ver_3/Fire_wall_ver_3.srcs/sim_1/new/fire_wall_tb.sv:158]
WARNING: [VRFC 10-599] elements must both be 2-state or both be 4-state [/home/ducthanh/thanhntd/Fire_wall_ver_3/Fire_wall_ver_3.srcs/sim_1/new/fire_wall_tb.sv:189]
WARNING: [VRFC 10-599] elements must both be 2-state or both be 4-state [/home/ducthanh/thanhntd/Fire_wall_ver_3/Fire_wall_ver_3.srcs/sim_1/new/fire_wall_tb.sv:192]
WARNING: [VRFC 10-599] elements must both be 2-state or both be 4-state [/home/ducthanh/thanhntd/Fire_wall_ver_3/Fire_wall_ver_3.srcs/sim_1/new/fire_wall_tb.sv:196]
WARNING: [VRFC 10-599] elements must both be 2-state or both be 4-state [/home/ducthanh/thanhntd/Fire_wall_ver_3/Fire_wall_ver_3.srcs/sim_1/new/fire_wall_tb.sv:200]
WARNING: [VRFC 10-599] elements must both be 2-state or both be 4-state [/home/ducthanh/thanhntd/Fire_wall_ver_3/Fire_wall_ver_3.srcs/sim_1/new/fire_wall_tb.sv:205]
Compiling module xil_defaultlib.fire_wall_tb
Compiling module xil_defaultlib.glbl
Built simulation snapshot fire_wall_tb_behav
